<?xml version="1.0" encoding="UTF-8"?>
<testsuite xmlns:xsi="http://www.w3.org/2001/XMLSchema-instance" xsi:schemaLocation="https://maven.apache.org/surefire/maven-surefire-plugin/xsd/surefire-test-report.xsd" name="com.global.test.GlobTest" time="0.433" tests="13" errors="0" skipped="4" failures="6">
  <properties>
[...]
</properties>
  <testcase name="test1" classname="com.global.test.GlobTest" time="0.014">
    <failure message="expected [true] but found [false]" type="java.lang.AssertionError">java.lang.AssertionError: expected [true] but found [false]
	at com.global.test.GlobTest.test1(GlobTest.java:23)
</failure>
  </testcase>
  <testcase name="test10" classname="com.global.test.GlobTest" time="0">
    <skipped message="skipped"/>
  </testcase>
  <testcase name="test2" classname="com.global.test.GlobTest" time="0">
    <skipped message="skipped"/>
  </testcase>
  <testcase name="test3" classname="com.global.test.GlobTest" time="0">
    <skipped message="skipped"/>
  </testcase>
  <testcase name="test4" classname="com.global.test.GlobTest" time="0">
    <failure message="expected [10] but found [20]" type="java.lang.AssertionError">java.lang.AssertionError: expected [10] but found [20]
	at com.global.test.GlobTest.test4(GlobTest.java:44)
</failure>
  </testcase>
  <testcase name="test5" classname="com.global.test.GlobTest" time="0">
    <failure message="expected [https://www.amazon.com/] but found [Amazon]" type="java.lang.AssertionError">java.lang.AssertionError: expected [https://www.amazon.com/] but found [Amazon]
	at com.global.test.GlobTest.test5(GlobTest.java:49)
</failure>
  </testcase>
  <testcase name="test6" classname="com.global.test.GlobTest" time="0">
    <failure message="expected [edgeop] but found [edgeops]" type="java.lang.AssertionError">java.lang.AssertionError: expected [edgeop] but found [edgeops]
	at com.global.test.GlobTest.test6(GlobTest.java:54)
</failure>
  </testcase>
  <testcase name="test7" classname="com.global.test.GlobTest" time="0"/>
  <testcase name="test8" classname="com.global.test.GlobTest" time="0"/>
  <testcase name="test9" classname="com.global.test.GlobTest" time="0">
    <skipped message="skipped"/>
  </testcase>
  <testcase name="test_Title" classname="com.global.test.GlobTest" time="0.001">
    <failure message="expected [ola] but found [uber]" type="java.lang.AssertionError">java.lang.AssertionError: expected [ola] but found [uber]
	at com.global.test.GlobTest.test_Title(GlobTest.java:18)
</failure>
  </testcase>
  <testcase name="test_Url" classname="com.global.test.GlobTest" time="0">
    <failure message="expected [https://www.olx.com/] but found [olx]" type="java.lang.AssertionError">java.lang.AssertionError: expected [https://www.olx.com/] but found [olx]
	at com.global.test.GlobTest.test_Url(GlobTest.java:11)
</failure>
  </testcase>
  <testcase name="test_serachText" classname="com.global.test.GlobTest" time="0"/>
</testsuite>